<?xml version="1.0" encoding="UTF-8"?>
<!-- Generated by org.testng.reporters.JUnitReportReporter -->
<testsuite hostname="DESKTOP-RQQTCRF" failures="0" tests="2" name="QualityKiosksTraining.CalculatorAPI.TestDivisionFunctionality" time="0.004" errors="0" timestamp="2021-04-20T09:18:19 IST" skipped="0">
  <testcase classname="QualityKiosksTraining.CalculatorAPI.TestDivisionFunctionality" name="TestDivisionWithPositiveValues" time="0.001"/>
  <system-out/>
  <testcase classname="QualityKiosksTraining.CalculatorAPI.TestDivisionFunctionality" name="TestDivisionWithNegativeValues" time="0.003"/>
  <system-out/>
</testsuite> <!-- QualityKiosksTraining.CalculatorAPI.TestDivisionFunctionality -->
