<?xml version="1.0" encoding="UTF-8"?>
<!-- Generated by org.testng.reporters.JUnitReportReporter -->
<testsuite hostname="DESKTOP-RQQTCRF" failures="0" tests="3" name="QualityKiosksTraining.CalculatorAPI.AdditionTestCases" time="0.014" errors="0" timestamp="2021-04-20T09:18:19 IST" skipped="0">
  <testcase classname="QualityKiosksTraining.CalculatorAPI.AdditionTestCases" name="TestAdditionWithPositiveNumbers" time="0.012"/>
  <system-out/>
  <testcase classname="QualityKiosksTraining.CalculatorAPI.AdditionTestCases" name="TestAdditionWithOnePositiveOneNegative" time="0.001"/>
  <system-out/>
  <testcase classname="QualityKiosksTraining.CalculatorAPI.AdditionTestCases" name="TestAdditionWithZeroNumbers" time="0.001"/>
  <system-out/>
</testsuite> <!-- QualityKiosksTraining.CalculatorAPI.AdditionTestCases -->
