<?xml version="1.0" encoding="UTF-8"?>
<!-- Generated by org.testng.reporters.JUnitReportReporter -->
<testsuite hostname="DESKTOP-RQQTCRF" failures="0" tests="2" name="QualityKiosksTraining.CalculatorAPI.TestingSubtractionTestCases" time="0.008" errors="0" timestamp="2021-04-20T09:10:08 IST" skipped="0">
  <testcase classname="QualityKiosksTraining.CalculatorAPI.TestingSubtractionTestCases" name="TestSubtractionWithPositiveNumbers" time="0.003"/>
  <system-out/>
  <testcase classname="QualityKiosksTraining.CalculatorAPI.TestingSubtractionTestCases" name="TestSubtractionWith1Positive1NegativeNumbers" time="0.005"/>
  <system-out/>
</testsuite> <!-- QualityKiosksTraining.CalculatorAPI.TestingSubtractionTestCases -->
