<?xml version="1.0" encoding="UTF-8"?>
<!-- Generated by org.testng.reporters.JUnitReportReporter -->
<testsuite hostname="DESKTOP-RQQTCRF" failures="0" tests="4" name="QualityKiosksTraining.CalculatorAPI.TestMultiplication" time="0.030" errors="0" timestamp="2021-04-20T09:10:08 IST" skipped="0">
  <testcase classname="QualityKiosksTraining.CalculatorAPI.TestMultiplication" name="TestMultiplicationWithPositiveValues" time="0.009"/>
  <system-out/>
  <testcase classname="QualityKiosksTraining.CalculatorAPI.TestMultiplication" name="TestMultiplicationWithPositiveValues" time="0.010"/>
  <system-out/>
  <testcase classname="QualityKiosksTraining.CalculatorAPI.TestMultiplication" name="TestMultiplicationWithPositiveValues" time="0.009"/>
  <system-out/>
  <testcase classname="QualityKiosksTraining.CalculatorAPI.TestMultiplication" name="TestMultiplicationWithPositiveValues" time="0.002"/>
  <system-out/>
</testsuite> <!-- QualityKiosksTraining.CalculatorAPI.TestMultiplication -->
